  [4;36;1mSQL (17.8ms)[0m   [0;1m SELECT name
 FROM sqlite_master
 WHERE type = 'table' AND NOT name = 'sqlite_sequence'
[0m
  [4;35;1mSQL (0.1ms)[0m   [0mselect sqlite_version(*)[0m
  [4;36;1mSQL (84.5ms)[0m   [0;1mCREATE TABLE "schema_migrations" ("version" varchar(255) NOT NULL) [0m
  [4;35;1mSQL (0.1ms)[0m   [0mPRAGMA index_list("schema_migrations")[0m
  [4;36;1mSQL (56.1ms)[0m   [0;1mCREATE UNIQUE INDEX "unique_schema_migrations" ON "schema_migrations" ("version")[0m
  [4;35;1mSQL (0.2ms)[0m   [0m SELECT name
 FROM sqlite_master
 WHERE type = 'table' AND NOT name = 'sqlite_sequence'
[0m
  [4;36;1mSQL (0.1ms)[0m   [0;1mSELECT version FROM schema_migrations[0m
Migrating to CreateRecipes (20110124143356)
  [4;35;1mSQL (0.3ms)[0m   [0mCREATE TABLE "recipes" ("id" INTEGER PRIMARY KEY AUTOINCREMENT NOT NULL, "title" varchar(255), "method" text, "created_at" datetime, "updated_at" datetime) [0m
  [4;36;1mSQL (0.1ms)[0m   [0;1mINSERT INTO schema_migrations (version) VALUES ('20110124143356')[0m
  [4;35;1mSQL (0.2ms)[0m   [0m SELECT name
 FROM sqlite_master
 WHERE type = 'table' AND NOT name = 'sqlite_sequence'
[0m
  [4;36;1mSQL (0.1ms)[0m   [0;1mSELECT version FROM schema_migrations[0m
  [4;35;1mSQL (0.2ms)[0m   [0m SELECT name
 FROM sqlite_master
 WHERE type = 'table' AND NOT name = 'sqlite_sequence'
[0m
  [4;36;1mSQL (0.0ms)[0m   [0;1mPRAGMA index_list("recipes")[0m
  [4;36;1mRecipe Create (0.3ms)[0m   [0;1mINSERT INTO "recipes" ("created_at", "title", "method", "updated_at") VALUES('2011-01-24 14:37:25', 'Bacon buttie', 'Toast bread, butter toast, fry bacon then put onto bread, add HP sauce, enjoy!', '2011-01-24 14:37:25')[0m
  [4;35;1mRecipe Create (0.1ms)[0m   [0mINSERT INTO "recipes" ("created_at", "title", "method", "updated_at") VALUES('2011-01-24 14:37:25', 'Bacon buttie', 'Toast bread, butter toast, fry bacon then put onto bread, add HP sauce, enjoy!', '2011-01-24 14:37:25')[0m
  [4;36;1mRecipe Load (0.5ms)[0m   [0;1mSELECT * FROM "recipes" [0m
  [4;36;1mSQL (0.4ms)[0m   [0;1m SELECT name
 FROM sqlite_master
 WHERE type = 'table' AND NOT name = 'sqlite_sequence'
[0m
  [4;35;1mSQL (0.2ms)[0m   [0mSELECT version FROM schema_migrations[0m
Migrating to CreateRecipes (20110124143356)
  [4;36;1mSQL (0.1ms)[0m   [0;1mselect sqlite_version(*)[0m
  [4;35;1mSQL (0.2ms)[0m   [0m SELECT name
 FROM sqlite_master
 WHERE type = 'table' AND NOT name = 'sqlite_sequence'
[0m
  [4;36;1mSQL (0.2ms)[0m   [0;1mSELECT version FROM schema_migrations[0m
  [4;35;1mSQL (0.2ms)[0m   [0m SELECT name
 FROM sqlite_master
 WHERE type = 'table' AND NOT name = 'sqlite_sequence'
[0m
  [4;36;1mSQL (0.1ms)[0m   [0;1mPRAGMA index_list("recipes")[0m
  [4;36;1mRecipe Load (0.5ms)[0m   [0;1mSELECT * FROM "recipes" [0m
  [4;35;1mRecipe Load (0.3ms)[0m   [0mSELECT * FROM "recipes" [0m
  [4;36;1mRecipe Load (0.4ms)[0m   [0;1mSELECT * FROM "recipes" WHERE ("recipes"."id" = 1) [0m


Processing Rails::InfoController#properties (for 127.0.0.1 at 2011-01-24 15:18:38) [GET]
  [4;36;1mSQL (0.5ms)[0m   [0;1m SELECT name
 FROM sqlite_master
 WHERE type = 'table' AND NOT name = 'sqlite_sequence'
[0m
  [4;35;1mSQL (0.2ms)[0m   [0mSELECT version FROM schema_migrations[0m
Completed in 14ms (View: 2, DB: 1) | 200 OK [http://localhost/rails/info/properties]


Processing ApplicationController#index (for 127.0.0.1 at 2011-01-24 15:19:22) [GET]

ActionController::RoutingError (No route matches "/" with {:method=>:get}):
  /usr/lib/ruby/1.8/webrick/httpserver.rb:104:in `service'
  /usr/lib/ruby/1.8/webrick/httpserver.rb:65:in `run'
  /usr/lib/ruby/1.8/webrick/server.rb:173:in `start_thread'
  /usr/lib/ruby/1.8/webrick/server.rb:162:in `start'
  /usr/lib/ruby/1.8/webrick/server.rb:162:in `start_thread'
  /usr/lib/ruby/1.8/webrick/server.rb:95:in `start'
  /usr/lib/ruby/1.8/webrick/server.rb:92:in `each'
  /usr/lib/ruby/1.8/webrick/server.rb:92:in `start'
  /usr/lib/ruby/1.8/webrick/server.rb:23:in `start'
  /usr/lib/ruby/1.8/webrick/server.rb:82:in `start'

Rendering rescues/layout (not_found)


Processing RecipesController#index (for 127.0.0.1 at 2011-01-24 15:21:13) [GET]
Rendering recipes/index
Completed in 8ms (View: 6, DB: 0) | 200 OK [http://localhost/]


Processing RecipesController#index (for 127.0.0.1 at 2011-01-24 15:29:10) [GET]
  [4;36;1mRecipe Load (0.5ms)[0m   [0;1mSELECT * FROM "recipes" [0m
Rendering recipes/index
Completed in 9ms (View: 4, DB: 1) | 200 OK [http://localhost/]


Processing RecipesController#index (for 127.0.0.1 at 2011-01-24 15:34:15) [GET]
  [4;35;1mRecipe Load (0.4ms)[0m   [0mSELECT * FROM "recipes" [0m
Rendering recipes/index
Completed in 10ms (View: 5, DB: 0) | 200 OK [http://localhost/]


Processing RecipesController#index (for 127.0.0.1 at 2011-01-24 15:37:17) [GET]
  [4;36;1mRecipe Load (0.4ms)[0m   [0;1mSELECT * FROM "recipes" [0m
Rendering recipes/index
Completed in 6ms (View: 2, DB: 0) | 200 OK [http://localhost/]
  [4;36;1mRecipe Create (0.3ms)[0m   [0;1mINSERT INTO "recipes" ("created_at", "title", "method", "updated_at") VALUES('2011-01-24 15:37:30', 'Bacon buttie', 'Toast bread, butter toast, fry bacon then put onto bread, add HP sauce, enjoy!', '2011-01-24 15:37:30')[0m
  [4;35;1mRecipe Create (0.2ms)[0m   [0mINSERT INTO "recipes" ("created_at", "title", "method", "updated_at") VALUES('2011-01-24 15:37:31', 'Sausage buttie', 'Toast bread, butter toast, fry sausages then put onto bread, add tomato sauce, enjoy!', '2011-01-24 15:37:31')[0m


Processing RecipesController#index (for 127.0.0.1 at 2011-01-24 15:37:47) [GET]
  [4;36;1mRecipe Load (0.6ms)[0m   [0;1mSELECT * FROM "recipes" [0m
Rendering recipes/index
Completed in 17ms (View: 12, DB: 1) | 200 OK [http://localhost/]
  [4;36;1mRecipe Load (0.6ms)[0m   [0;1mSELECT * FROM "recipes" [0m
  [4;36;1mRecipe Load (0.6ms)[0m   [0;1mSELECT * FROM "recipes" [0m
  [4;36;1mRecipe Load (0.6ms)[0m   [0;1mSELECT * FROM "recipes" [0m


Processing RecipesController#index (for 127.0.0.1 at 2011-01-24 15:40:06) [GET]
  [4;36;1mRecipe Load (0.6ms)[0m   [0;1mSELECT * FROM "recipes" [0m
Rendering recipes/index
Completed in 12ms (View: 7, DB: 1) | 200 OK [http://localhost/]


Processing RecipesController#index (for 127.0.0.1 at 2011-01-24 15:42:08) [GET]
  [4;35;1mRecipe Load (0.6ms)[0m   [0mSELECT * FROM "recipes" [0m
Rendering recipes/index
Completed in 6ms (View: 2, DB: 1) | 200 OK [http://localhost/]


Processing RecipesController#1 (for 127.0.0.1 at 2011-01-24 15:45:33) [GET]

ActionController::UnknownAction (No action responded to 1. Actions: edit, index, new, and show):
  /usr/lib/ruby/1.8/webrick/httpserver.rb:104:in `service'
  /usr/lib/ruby/1.8/webrick/httpserver.rb:65:in `run'
  /usr/lib/ruby/1.8/webrick/server.rb:173:in `start_thread'
  /usr/lib/ruby/1.8/webrick/server.rb:162:in `start'
  /usr/lib/ruby/1.8/webrick/server.rb:162:in `start_thread'
  /usr/lib/ruby/1.8/webrick/server.rb:95:in `start'
  /usr/lib/ruby/1.8/webrick/server.rb:92:in `each'
  /usr/lib/ruby/1.8/webrick/server.rb:92:in `start'
  /usr/lib/ruby/1.8/webrick/server.rb:23:in `start'
  /usr/lib/ruby/1.8/webrick/server.rb:82:in `start'

Rendering rescues/layout (not_found)


Processing RecipesController#show (for 127.0.0.1 at 2011-01-24 15:45:38) [GET]
  Parameters: {"id"=>"1"}
  [4;36;1mRecipe Load (0.2ms)[0m   [0;1mSELECT * FROM "recipes" WHERE ("recipes"."id" = 1) [0m
Rendering recipes/show
Completed in 9ms (View: 4, DB: 0) | 200 OK [http://localhost/recipes/show/1]


Processing RecipesController#show (for 127.0.0.1 at 2011-01-24 15:45:48) [GET]
  Parameters: {"id"=>"4"}
  [4;35;1mRecipe Load (0.2ms)[0m   [0mSELECT * FROM "recipes" WHERE ("recipes"."id" = 4) [0m
Rendering recipes/show
Completed in 8ms (View: 2, DB: 0) | 200 OK [http://localhost/recipes/show/4]


Processing RecipesController#show (for 127.0.0.1 at 2011-01-24 15:45:51) [GET]
  Parameters: {"id"=>"3"}
  [4;36;1mRecipe Load (0.2ms)[0m   [0;1mSELECT * FROM "recipes" WHERE ("recipes"."id" = 3) [0m
Rendering recipes/show
Completed in 8ms (View: 1, DB: 0) | 200 OK [http://localhost/recipes/show/3]


Processing RecipesController#show (for 127.0.0.1 at 2011-01-24 15:45:54) [GET]
  Parameters: {"id"=>"2"}
  [4;35;1mRecipe Load (0.2ms)[0m   [0mSELECT * FROM "recipes" WHERE ("recipes"."id" = 2) [0m
Rendering recipes/show
Completed in 7ms (View: 1, DB: 0) | 200 OK [http://localhost/recipes/show/2]


Processing RecipesController#show (for 127.0.0.1 at 2011-01-24 15:45:55) [GET]
  Parameters: {"id"=>"1"}
  [4;36;1mRecipe Load (0.2ms)[0m   [0;1mSELECT * FROM "recipes" WHERE ("recipes"."id" = 1) [0m
Rendering recipes/show
Completed in 6ms (View: 1, DB: 0) | 200 OK [http://localhost/recipes/show/1]


Processing RecipesController#show (for 127.0.0.1 at 2011-01-24 15:46:02) [GET]
  Parameters: {"id"=>"55"}
  [4;35;1mRecipe Load (0.1ms)[0m   [0mSELECT * FROM "recipes" WHERE ("recipes"."id" = 55) [0m

ActiveRecord::RecordNotFound (Couldn't find Recipe with ID=55):
  app/controllers/recipes_controller.rb:7:in `show'
  /usr/lib/ruby/1.8/webrick/httpserver.rb:104:in `service'
  /usr/lib/ruby/1.8/webrick/httpserver.rb:65:in `run'
  /usr/lib/ruby/1.8/webrick/server.rb:173:in `start_thread'
  /usr/lib/ruby/1.8/webrick/server.rb:162:in `start'
  /usr/lib/ruby/1.8/webrick/server.rb:162:in `start_thread'
  /usr/lib/ruby/1.8/webrick/server.rb:95:in `start'
  /usr/lib/ruby/1.8/webrick/server.rb:92:in `each'
  /usr/lib/ruby/1.8/webrick/server.rb:92:in `start'
  /usr/lib/ruby/1.8/webrick/server.rb:23:in `start'
  /usr/lib/ruby/1.8/webrick/server.rb:82:in `start'

Rendered rescues/_trace (26.1ms)
Rendered rescues/_request_and_response (1.1ms)
Rendering rescues/layout (not_found)


Processing RecipesController#show (for 127.0.0.1 at 2011-01-24 15:46:08) [GET]
  Parameters: {"id"=>"1"}
  [4;36;1mRecipe Load (0.2ms)[0m   [0;1mSELECT * FROM "recipes" WHERE ("recipes"."id" = 1) [0m
Rendering recipes/show
Completed in 6ms (View: 1, DB: 0) | 200 OK [http://localhost/recipes/show/1]


Processing RecipesController#index (for 127.0.0.1 at 2011-01-24 15:46:19) [GET]
  [4;35;1mRecipe Load (0.5ms)[0m   [0mSELECT * FROM "recipes" [0m
Rendering recipes/index
Completed in 7ms (View: 2, DB: 1) | 200 OK [http://localhost/recipes]


Processing RecipesController#index (for 127.0.0.1 at 2011-01-24 15:48:13) [GET]
  [4;36;1mRecipe Load (0.5ms)[0m   [0;1mSELECT * FROM "recipes" [0m
Rendering recipes/index

ActionView::TemplateError (undefined method `recipe_path' for #<ActionView::Base:0xb687a968>) on line #10 of app/views/recipes/index.html.erb:
7: </tr>
8: <% for recipe in @recipes do %>
9:   <tr>
10:     <td><%= h link_to "#{recipe.title}", recipe %></td>
11:     <td><%= h recipe.method %></td>
12:   </tr>
13: <% end %>

    app/views/recipes/index.html.erb:10
    app/views/recipes/index.html.erb:8:in `each'
    app/views/recipes/index.html.erb:8
    /usr/lib/ruby/1.8/webrick/httpserver.rb:104:in `service'
    /usr/lib/ruby/1.8/webrick/httpserver.rb:65:in `run'
    /usr/lib/ruby/1.8/webrick/server.rb:173:in `start_thread'
    /usr/lib/ruby/1.8/webrick/server.rb:162:in `start'
    /usr/lib/ruby/1.8/webrick/server.rb:162:in `start_thread'
    /usr/lib/ruby/1.8/webrick/server.rb:95:in `start'
    /usr/lib/ruby/1.8/webrick/server.rb:92:in `each'
    /usr/lib/ruby/1.8/webrick/server.rb:92:in `start'
    /usr/lib/ruby/1.8/webrick/server.rb:23:in `start'
    /usr/lib/ruby/1.8/webrick/server.rb:82:in `start'

Rendered rescues/_trace (68.4ms)
Rendered rescues/_request_and_response (0.2ms)
Rendering rescues/layout (internal_server_error)


Processing RecipesController#index (for 127.0.0.1 at 2011-01-24 15:49:38) [GET]
  [4;35;1mRecipe Load (0.5ms)[0m   [0mSELECT * FROM "recipes" [0m
Rendering recipes/index
Completed in 8ms (View: 3, DB: 1) | 200 OK [http://localhost/recipes]


Processing RecipesController#index (for 127.0.0.1 at 2011-01-24 15:50:55) [GET]
  [4;36;1mRecipe Load (0.5ms)[0m   [0;1mSELECT * FROM "recipes" [0m
Rendering recipes/index
Completed in 8ms (View: 3, DB: 1) | 200 OK [http://localhost/recipes]


Processing RecipesController#show (for 127.0.0.1 at 2011-01-24 15:51:00) [GET]
  Parameters: {"id"=>"2"}
  [4;35;1mRecipe Load (0.2ms)[0m   [0mSELECT * FROM "recipes" WHERE ("recipes"."id" = 2) [0m
Rendering recipes/show
Completed in 8ms (View: 1, DB: 0) | 200 OK [http://localhost/recipes/2]


Processing RecipesController#show (for 127.0.0.1 at 2011-01-24 15:51:03) [GET]
  Parameters: {"id"=>"4"}
  [4;36;1mRecipe Load (0.2ms)[0m   [0;1mSELECT * FROM "recipes" WHERE ("recipes"."id" = 4) [0m
Rendering recipes/show
Completed in 8ms (View: 1, DB: 0) | 200 OK [http://localhost/recipes/4]
  [4;36;1mRecipe Load (0.6ms)[0m   [0;1mSELECT * FROM "recipes" [0m
  [4;35;1mRecipe Delete all (0.4ms)[0m   [0mDELETE FROM "recipes" WHERE ("id" IN ('--- :all
')) [0m
  [4;36;1mRecipe Load (0.4ms)[0m   [0;1mSELECT * FROM "recipes" [0m
  [4;35;1mRecipe Delete all (109.0ms)[0m   [0mDELETE FROM "recipes" WHERE ("id" IN (4)) [0m
  [4;36;1mRecipe Delete all (92.1ms)[0m   [0;1mDELETE FROM "recipes" WHERE ("id" IN (3)) [0m
  [4;35;1mRecipe Delete all (143.0ms)[0m   [0mDELETE FROM "recipes" WHERE ("id" IN (2)) [0m
  [4;36;1mRecipe Delete all (105.1ms)[0m   [0;1mDELETE FROM "recipes" WHERE ("id" IN (1)) [0m
  [4;35;1mRecipe Load (0.1ms)[0m   [0mSELECT * FROM "recipes" [0m
  [4;36;1mRecipe Create (0.3ms)[0m   [0;1mINSERT INTO "recipes" ("created_at", "title", "method", "updated_at") VALUES('2011-01-24 16:00:52', 'Bacon buttie', 'Toast bread, butter toast, fry bacon then put onto bread, add HP sauce, enjoy!', '2011-01-24 16:00:52')[0m
  [4;35;1mRecipe Create (0.2ms)[0m   [0mINSERT INTO "recipes" ("created_at", "title", "method", "updated_at") VALUES('2011-01-24 16:00:52', 'Sausage buttie', 'Toast bread, butter toast, fry sausages then put onto bread, add tomato sauce, enjoy!', '2011-01-24 16:00:52')[0m
  [4;36;1mRecipe Load (0.5ms)[0m   [0;1mSELECT * FROM "recipes" [0m


Processing RecipesController#index (for 127.0.0.1 at 2011-01-31 13:10:03) [GET]
  [4;36;1mRecipe Load (15.4ms)[0m   [0;1mSELECT * FROM "recipes" [0m
Rendering recipes/index
Completed in 165ms (View: 141, DB: 15) | 200 OK [http://localhost/]


Processing RecipesController#index (for 127.0.0.1 at 2011-01-31 13:10:06) [GET]
  [4;35;1mRecipe Load (0.5ms)[0m   [0mSELECT * FROM "recipes" [0m
Rendering recipes/index
Completed in 8ms (View: 3, DB: 0) | 200 OK [http://localhost/]


Processing RecipesController#index (for 127.0.0.1 at 2011-01-31 13:13:01) [GET]
  [4;36;1mRecipe Load (0.4ms)[0m   [0;1mSELECT * FROM "recipes" [0m
Rendering recipes/index
Completed in 15ms (View: 7, DB: 0) | 200 OK [http://localhost/]


Processing RecipesController#new (for 127.0.0.1 at 2011-01-31 13:13:08) [GET]
Rendering recipes/new
Completed in 149ms (View: 145, DB: 0) | 200 OK [http://localhost/recipes/new]


Processing RecipesController#show (for 127.0.0.1 at 2011-01-31 13:13:13) [GET]
  Parameters: {"id"=>"5"}
  [4;35;1mRecipe Load (0.2ms)[0m   [0mSELECT * FROM "recipes" WHERE ("recipes"."id" = 5) [0m
Rendering recipes/show
Completed in 9ms (View: 4, DB: 0) | 200 OK [http://localhost/recipes/5]


Processing RecipesController#index (for 127.0.0.1 at 2011-01-31 13:13:17) [GET]
  [4;36;1mRecipe Load (0.6ms)[0m   [0;1mSELECT * FROM "recipes" [0m
Rendering recipes/index
Completed in 10ms (View: 5, DB: 1) | 200 OK [http://localhost/recipes]


Processing RecipesController#index (for 127.0.0.1 at 2011-01-31 13:22:47) [GET]
  [4;35;1mRecipe Load (0.7ms)[0m   [0mSELECT * FROM "recipes" [0m
Rendering recipes/index
Completed in 45ms (View: 4, DB: 1) | 200 OK [http://localhost/recipes]


Processing RecipesController#show (for 127.0.0.1 at 2011-01-31 13:22:54) [GET]
  Parameters: {"id"=>"10"}
  [4;36;1mRecipe Load (0.3ms)[0m   [0;1mSELECT * FROM "recipes" WHERE ("recipes"."id" = 10) [0m
Rendering recipes/show
Completed in 8ms (View: 2, DB: 0) | 200 OK [http://localhost/recipes/10]


Processing RecipesController#edit (for 127.0.0.1 at 2011-01-31 13:25:55) [GET]
  Parameters: {"id"=>"10"}
  [4;35;1mRecipe Load (0.2ms)[0m   [0mSELECT * FROM "recipes" WHERE ("recipes"."id" = 10) [0m
Rendering recipes/edit
Completed in 11ms (View: 6, DB: 0) | 200 OK [http://localhost/recipes/10/edit]


Processing RecipesController#show (for 127.0.0.1 at 2011-01-31 13:27:15) [GET]
  Parameters: {"id"=>"10"}
  [4;36;1mRecipe Load (0.2ms)[0m   [0;1mSELECT * FROM "recipes" WHERE ("recipes"."id" = 10) [0m
Rendering recipes/show

ActionView::TemplateError (undefined local variable or method `edit_recipes_path' for #<ActionView::Base:0xb6900c84>) on line #3 of app/views/recipes/show.html.erb:
1: <h1><%= h @recipe.title %></h1>
2: <p><%= h @recipe.method %></p>
3: <p><%= link_to "Go Back", recipes_path %> | <%= link_to "Edit recipe", edit_recipes_path %></p>

    app/views/recipes/show.html.erb:3
    /usr/lib/ruby/1.8/webrick/httpserver.rb:104:in `service'
    /usr/lib/ruby/1.8/webrick/httpserver.rb:65:in `run'
    /usr/lib/ruby/1.8/webrick/server.rb:173:in `start_thread'
    /usr/lib/ruby/1.8/webrick/server.rb:162:in `start'
    /usr/lib/ruby/1.8/webrick/server.rb:162:in `start_thread'
    /usr/lib/ruby/1.8/webrick/server.rb:95:in `start'
    /usr/lib/ruby/1.8/webrick/server.rb:92:in `each'
    /usr/lib/ruby/1.8/webrick/server.rb:92:in `start'
    /usr/lib/ruby/1.8/webrick/server.rb:23:in `start'
    /usr/lib/ruby/1.8/webrick/server.rb:82:in `start'

Rendered rescues/_trace (30.3ms)
Rendered rescues/_request_and_response (1.0ms)
Rendering rescues/layout (internal_server_error)


Processing RecipesController#show (for 127.0.0.1 at 2011-01-31 13:27:29) [GET]
  Parameters: {"id"=>"10"}
  [4;35;1mRecipe Load (0.2ms)[0m   [0mSELECT * FROM "recipes" WHERE ("recipes"."id" = 10) [0m
Rendering recipes/show
Completed in 10ms (View: 5, DB: 0) | 200 OK [http://localhost/recipes/10]


Processing RecipesController#edit (for 127.0.0.1 at 2011-01-31 13:30:34) [GET]
  Parameters: {"id"=>"10"}
  [4;36;1mRecipe Load (0.2ms)[0m   [0;1mSELECT * FROM "recipes" WHERE ("recipes"."id" = 10) [0m
Rendering recipes/edit
Completed in 10ms (View: 5, DB: 0) | 200 OK [http://localhost/recipes/10/edit]


Processing RecipesController#update (for 127.0.0.1 at 2011-01-31 13:30:57) [PUT]
  Parameters: {"commit"=>"Update Recipe", "authenticity_token"=>"ACKZQemfqubyqesmTgrXK7Z84mym5sLVKoI1CqZeIbE=", "id"=>"10", "recipe"=>{"title"=>"An updated title", "method"=>"Hey I made some changes here!"}}
  [4;35;1mRecipe Load (0.2ms)[0m   [0mSELECT * FROM "recipes" WHERE ("recipes"."id" = 10) [0m

NoMethodError (undefined method `stringify_keys!' for "10":String):
  app/controllers/recipes_controller.rb:30:in `update'
  /usr/lib/ruby/1.8/webrick/httpserver.rb:104:in `service'
  /usr/lib/ruby/1.8/webrick/httpserver.rb:65:in `run'
  /usr/lib/ruby/1.8/webrick/server.rb:173:in `start_thread'
  /usr/lib/ruby/1.8/webrick/server.rb:162:in `start'
  /usr/lib/ruby/1.8/webrick/server.rb:162:in `start_thread'
  /usr/lib/ruby/1.8/webrick/server.rb:95:in `start'
  /usr/lib/ruby/1.8/webrick/server.rb:92:in `each'
  /usr/lib/ruby/1.8/webrick/server.rb:92:in `start'
  /usr/lib/ruby/1.8/webrick/server.rb:23:in `start'
  /usr/lib/ruby/1.8/webrick/server.rb:82:in `start'

Rendered rescues/_trace (30.6ms)
Rendered rescues/_request_and_response (0.3ms)
Rendering rescues/layout (internal_server_error)


Processing RecipesController#update (for 127.0.0.1 at 2011-01-31 13:31:50) [PUT]
  Parameters: {"commit"=>"Update Recipe", "authenticity_token"=>"ACKZQemfqubyqesmTgrXK7Z84mym5sLVKoI1CqZeIbE=", "id"=>"10", "recipe"=>{"title"=>"An updated title", "method"=>"Hey I made some changes here!"}}
  [4;36;1mRecipe Load (0.3ms)[0m   [0;1mSELECT * FROM "recipes" WHERE ("recipes"."id" = 10) [0m
  [4;35;1mRecipe Update (0.3ms)[0m   [0mUPDATE "recipes" SET "updated_at" = '2011-01-31 13:31:50', "title" = 'An updated title', "method" = 'Hey I made some changes here!' WHERE "id" = 10[0m
Redirected to http://localhost:3000/
Completed in 126ms (DB: 1) | 302 Found [http://localhost/recipes/10]


Processing RecipesController#index (for 127.0.0.1 at 2011-01-31 13:31:50) [GET]
  [4;36;1mRecipe Load (1.6ms)[0m   [0;1mSELECT * FROM "recipes" [0m
Rendering recipes/index
Completed in 11ms (View: 4, DB: 2) | 200 OK [http://localhost/]


Processing RecipesController#new (for 127.0.0.1 at 2011-01-31 13:33:33) [GET]
Rendering recipes/new
Completed in 9ms (View: 5, DB: 0) | 200 OK [http://localhost/recipes/new]


Processing RecipesController#show (for 127.0.0.1 at 2011-01-31 13:33:37) [GET]
  Parameters: {"id"=>"5"}
  [4;35;1mRecipe Load (0.2ms)[0m   [0mSELECT * FROM "recipes" WHERE ("recipes"."id" = 5) [0m
Rendering recipes/show
Completed in 7ms (View: 1, DB: 0) | 200 OK [http://localhost/recipes/5]


Processing RecipesController#index (for 127.0.0.1 at 2011-01-31 13:33:40) [GET]
  [4;36;1mRecipe Load (0.6ms)[0m   [0;1mSELECT * FROM "recipes" [0m
Rendering recipes/index
Completed in 9ms (View: 4, DB: 1) | 200 OK [http://localhost/recipes]


Processing RecipesController#new (for 127.0.0.1 at 2011-01-31 13:33:41) [GET]
Rendering recipes/new
Completed in 8ms (View: 3, DB: 0) | 200 OK [http://localhost/recipes/new]


Processing RecipesController#new (for 127.0.0.1 at 2011-01-31 13:34:56) [GET]
Rendering recipes/new
Completed in 11ms (View: 7, DB: 0) | 200 OK [http://localhost/recipes/new]


Processing RecipesController#new (for 127.0.0.1 at 2011-01-31 13:35:57) [GET]
Rendering recipes/new
Completed in 10ms (View: 5, DB: 0) | 200 OK [http://localhost/recipes/new]


Processing RecipesController#index (for 127.0.0.1 at 2011-01-31 13:36:05) [GET]
  [4;35;1mRecipe Load (0.7ms)[0m   [0mSELECT * FROM "recipes" [0m
Rendering recipes/index
Completed in 9ms (View: 4, DB: 1) | 200 OK [http://localhost/recipes]


Processing RecipesController#new (for 127.0.0.1 at 2011-01-31 13:36:08) [GET]
Rendering recipes/new
Completed in 10ms (View: 5, DB: 0) | 200 OK [http://localhost/recipes/new]


Processing RecipesController#index (for 127.0.0.1 at 2011-01-31 13:36:11) [GET]
  [4;36;1mRecipe Load (1.0ms)[0m   [0;1mSELECT * FROM "recipes" [0m
Rendering recipes/index
Completed in 13ms (View: 7, DB: 1) | 200 OK [http://localhost/recipes]


Processing RecipesController#show (for 127.0.0.1 at 2011-01-31 13:40:56) [GET]
  Parameters: {"id"=>"5"}
  [4;35;1mRecipe Load (0.2ms)[0m   [0mSELECT * FROM "recipes" WHERE ("recipes"."id" = 5) [0m
Rendering recipes/show
Completed in 6ms (View: 1, DB: 0) | 200 OK [http://localhost/recipes/5]


Processing RecipesController#show (for 127.0.0.1 at 2011-01-31 13:44:04) [GET]
  Parameters: {"id"=>"5"}
  [4;36;1mRecipe Load (0.3ms)[0m   [0;1mSELECT * FROM "recipes" WHERE ("recipes"."id" = 5) [0m
Rendering recipes/show
Completed in 8ms (View: 2, DB: 0) | 200 OK [http://localhost/recipes/5]


Processing RecipesController#show (for 127.0.0.1 at 2011-01-31 13:44:07) [GET]
  Parameters: {"id"=>"5"}
  [4;35;1mRecipe Load (0.2ms)[0m   [0mSELECT * FROM "recipes" WHERE ("recipes"."id" = 5) [0m
Rendering recipes/show
Completed in 7ms (View: 2, DB: 0) | 200 OK [http://localhost/recipes/5]


Processing RecipesController#show (for 127.0.0.1 at 2011-01-31 13:44:09) [GET]
  Parameters: {"id"=>"5"}
  [4;36;1mRecipe Load (0.2ms)[0m   [0;1mSELECT * FROM "recipes" WHERE ("recipes"."id" = 5) [0m
Rendering recipes/show
Completed in 8ms (View: 1, DB: 0) | 200 OK [http://localhost/recipes/5]


Processing RecipesController#show (for 127.0.0.1 at 2011-01-31 13:45:02) [GET]
  Parameters: {"id"=>"5"}
  [4;35;1mRecipe Load (0.2ms)[0m   [0mSELECT * FROM "recipes" WHERE ("recipes"."id" = 5) [0m
Rendering recipes/show
Completed in 10ms (View: 5, DB: 0) | 200 OK [http://localhost/recipes/5]


Processing RecipesController#show (for 127.0.0.1 at 2011-01-31 13:45:10) [GET]
  Parameters: {"id"=>"5"}
  [4;36;1mRecipe Load (0.3ms)[0m   [0;1mSELECT * FROM "recipes" WHERE ("recipes"."id" = 5) [0m
Rendering recipes/show
Completed in 9ms (View: 2, DB: 0) | 200 OK [http://localhost/recipes/5]


Processing RecipesController#show (for 127.0.0.1 at 2011-01-31 13:45:40) [GET]
  Parameters: {"id"=>"5"}
  [4;35;1mRecipe Load (0.3ms)[0m   [0mSELECT * FROM "recipes" WHERE ("recipes"."id" = 5) [0m
Rendering recipes/show
Completed in 9ms (View: 2, DB: 0) | 200 OK [http://localhost/recipes/5]


Processing RecipesController#show (for 127.0.0.1 at 2011-01-31 13:46:07) [GET]
  Parameters: {"id"=>"5"}
  [4;36;1mRecipe Load (0.2ms)[0m   [0;1mSELECT * FROM "recipes" WHERE ("recipes"."id" = 5) [0m
Rendering recipes/show
Completed in 7ms (View: 2, DB: 0) | 200 OK [http://localhost/recipes/5]


Processing RecipesController#show (for 127.0.0.1 at 2011-01-31 13:46:10) [GET]
  Parameters: {"id"=>"5"}
  [4;35;1mRecipe Load (0.3ms)[0m   [0mSELECT * FROM "recipes" WHERE ("recipes"."id" = 5) [0m
Rendering recipes/show
Completed in 9ms (View: 2, DB: 0) | 200 OK [http://localhost/recipes/5]


Processing RecipesController#show (for 127.0.0.1 at 2011-01-31 13:47:43) [GET]
  Parameters: {"id"=>"5"}
  [4;36;1mRecipe Load (0.3ms)[0m   [0;1mSELECT * FROM "recipes" WHERE ("recipes"."id" = 5) [0m
Rendering recipes/show
ERROR: compiling _run_erb_app47views47recipes47show46html46erb RAISED compile error
/home/jpfinlay/Dropbox/rails/railschef/app/views/recipes/show.html.erb:3: syntax error, unexpected ')', expecting kEND
...y', id => @recipe.id}) ).to_s); @output_buffer.concat "</p>\...
                              ^
Function body:           def _run_erb_app47views47recipes47show46html46erb(local_assigns)
            old_output_buffer = output_buffer;;@output_buffer = '';  __in_erb_template=true ; @output_buffer.concat "<h1>"; @output_buffer.concat(( h @recipe.title ).to_s); @output_buffer.concat "</h1>\n<p>"
; @output_buffer.concat(( h @recipe.method ).to_s); @output_buffer.concat "</p>\n<p>"
; @output_buffer.concat(( link_to "Go Back", recipes_path ).to_s); @output_buffer.concat " | "; @output_buffer.concat(( link_to "Edit recipe", edit_recipe_path ).to_s); @output_buffer.concat " | "; @output_buffer.concat(( link_to "Delete recipe", {:action => 'destroy', id => @recipe.id}) ).to_s); @output_buffer.concat "</p>\n"
; @output_buffer
          ensure
            self.output_buffer = old_output_buffer
          end
Backtrace: /home/jpfinlay/Dropbox/rails/railschef/app/views/recipes/show.html.erb:7:in `compile!'
/usr/lib/ruby/gems/1.8/gems/actionpack-2.3.8/lib/action_view/renderable.rb:61:in `compile'
/usr/lib/ruby/gems/1.8/gems/actionpack-2.3.8/lib/action_view/renderable.rb:28:in `render'
/usr/lib/ruby/gems/1.8/gems/actionpack-2.3.8/lib/action_view/template.rb:205:in `render_template'
/usr/lib/ruby/gems/1.8/gems/actionpack-2.3.8/lib/action_view/base.rb:265:in `render'
/usr/lib/ruby/gems/1.8/gems/actionpack-2.3.8/lib/action_controller/base.rb:1250:in `render_for_file'
/usr/lib/ruby/gems/1.8/gems/actionpack-2.3.8/lib/action_controller/base.rb:936:in `render_without_benchmark'
/usr/lib/ruby/gems/1.8/gems/actionpack-2.3.8/lib/action_controller/benchmarking.rb:51:in `render'
/usr/lib/ruby/gems/1.8/gems/activesupport-2.3.8/lib/active_support/core_ext/benchmark.rb:17:in `ms'
/usr/lib/ruby/1.8/benchmark.rb:308:in `realtime'
/usr/lib/ruby/gems/1.8/gems/activesupport-2.3.8/lib/active_support/core_ext/benchmark.rb:17:in `ms'
/usr/lib/ruby/gems/1.8/gems/actionpack-2.3.8/lib/action_controller/benchmarking.rb:51:in `render'
/usr/lib/ruby/gems/1.8/gems/actionpack-2.3.8/lib/action_controller/base.rb:1326:in `default_render'
/usr/lib/ruby/gems/1.8/gems/actionpack-2.3.8/lib/action_controller/base.rb:1332:in `perform_action_without_filters'
/usr/lib/ruby/gems/1.8/gems/actionpack-2.3.8/lib/action_controller/filters.rb:617:in `call_filters'
/usr/lib/ruby/gems/1.8/gems/actionpack-2.3.8/lib/action_controller/filters.rb:610:in `perform_action_without_benchmark'
/usr/lib/ruby/gems/1.8/gems/actionpack-2.3.8/lib/action_controller/benchmarking.rb:68:in `perform_action_without_rescue'
/usr/lib/ruby/gems/1.8/gems/activesupport-2.3.8/lib/active_support/core_ext/benchmark.rb:17:in `ms'
/usr/lib/ruby/1.8/benchmark.rb:308:in `realtime'
/usr/lib/ruby/gems/1.8/gems/activesupport-2.3.8/lib/active_support/core_ext/benchmark.rb:17:in `ms'
/usr/lib/ruby/gems/1.8/gems/actionpack-2.3.8/lib/action_controller/benchmarking.rb:68:in `perform_action_without_rescue'
/usr/lib/ruby/gems/1.8/gems/actionpack-2.3.8/lib/action_controller/rescue.rb:160:in `perform_action_without_flash'
/usr/lib/ruby/gems/1.8/gems/actionpack-2.3.8/lib/action_controller/flash.rb:151:in `perform_action'
/usr/lib/ruby/gems/1.8/gems/actionpack-2.3.8/lib/action_controller/base.rb:532:in `send'
/usr/lib/ruby/gems/1.8/gems/actionpack-2.3.8/lib/action_controller/base.rb:532:in `process_without_filters'
/usr/lib/ruby/gems/1.8/gems/actionpack-2.3.8/lib/action_controller/filters.rb:606:in `process'
/usr/lib/ruby/gems/1.8/gems/actionpack-2.3.8/lib/action_controller/base.rb:391:in `process'
/usr/lib/ruby/gems/1.8/gems/actionpack-2.3.8/lib/action_controller/base.rb:386:in `call'
/usr/lib/ruby/gems/1.8/gems/actionpack-2.3.8/lib/action_controller/routing/route_set.rb:438:in `call'
/usr/lib/ruby/gems/1.8/gems/actionpack-2.3.8/lib/action_controller/dispatcher.rb:87:in `dispatch'
/usr/lib/ruby/gems/1.8/gems/actionpack-2.3.8/lib/action_controller/dispatcher.rb:121:in `_call'
/usr/lib/ruby/gems/1.8/gems/actionpack-2.3.8/lib/action_controller/dispatcher.rb:130
/usr/lib/ruby/gems/1.8/gems/activerecord-2.3.8/lib/active_record/query_cache.rb:29:in `call'
/usr/lib/ruby/gems/1.8/gems/activerecord-2.3.8/lib/active_record/query_cache.rb:29:in `call'
/usr/lib/ruby/gems/1.8/gems/activerecord-2.3.8/lib/active_record/connection_adapters/abstract/query_cache.rb:34:in `cache'
/usr/lib/ruby/gems/1.8/gems/activerecord-2.3.8/lib/active_record/query_cache.rb:9:in `cache'
/usr/lib/ruby/gems/1.8/gems/activerecord-2.3.8/lib/active_record/query_cache.rb:28:in `call'
/usr/lib/ruby/gems/1.8/gems/activerecord-2.3.8/lib/active_record/connection_adapters/abstract/connection_pool.rb:361:in `call'
/usr/lib/ruby/gems/1.8/gems/actionpack-2.3.8/lib/action_controller/string_coercion.rb:25:in `call'
/usr/lib/ruby/gems/1.8/gems/rack-1.1.0/lib/rack/head.rb:9:in `call'
/usr/lib/ruby/gems/1.8/gems/rack-1.1.0/lib/rack/methodoverride.rb:24:in `call'
/usr/lib/ruby/gems/1.8/gems/actionpack-2.3.8/lib/action_controller/params_parser.rb:15:in `call'
/usr/lib/ruby/gems/1.8/gems/actionpack-2.3.8/lib/action_controller/session/cookie_store.rb:99:in `call'
/usr/lib/ruby/gems/1.8/gems/actionpack-2.3.8/lib/action_controller/failsafe.rb:26:in `call'
/usr/lib/ruby/gems/1.8/gems/rack-1.1.0/lib/rack/lock.rb:11:in `call'
/usr/lib/ruby/gems/1.8/gems/rack-1.1.0/lib/rack/lock.rb:11:in `synchronize'
/usr/lib/ruby/gems/1.8/gems/rack-1.1.0/lib/rack/lock.rb:11:in `call'
/usr/lib/ruby/gems/1.8/gems/actionpack-2.3.8/lib/action_controller/dispatcher.rb:114:in `call'
/usr/lib/ruby/gems/1.8/gems/actionpack-2.3.8/lib/action_controller/reloader.rb:34:in `run'
/usr/lib/ruby/gems/1.8/gems/actionpack-2.3.8/lib/action_controller/dispatcher.rb:108:in `call'
/usr/lib/ruby/gems/1.8/gems/rails-2.3.8/lib/rails/rack/static.rb:31:in `call'
/usr/lib/ruby/gems/1.8/gems/rack-1.1.0/lib/rack/urlmap.rb:47:in `call'
/usr/lib/ruby/gems/1.8/gems/rack-1.1.0/lib/rack/urlmap.rb:41:in `each'
/usr/lib/ruby/gems/1.8/gems/rack-1.1.0/lib/rack/urlmap.rb:41:in `call'
/usr/lib/ruby/gems/1.8/gems/rails-2.3.8/lib/rails/rack/log_tailer.rb:17:in `call'
/usr/lib/ruby/gems/1.8/gems/rack-1.1.0/lib/rack/content_length.rb:13:in `call'
/usr/lib/ruby/gems/1.8/gems/rack-1.1.0/lib/rack/handler/webrick.rb:48:in `service'
/usr/lib/ruby/1.8/webrick/httpserver.rb:104:in `service'
/usr/lib/ruby/1.8/webrick/httpserver.rb:65:in `run'
/usr/lib/ruby/1.8/webrick/server.rb:173:in `start_thread'
/usr/lib/ruby/1.8/webrick/server.rb:162:in `start'
/usr/lib/ruby/1.8/webrick/server.rb:162:in `start_thread'
/usr/lib/ruby/1.8/webrick/server.rb:95:in `start'
/usr/lib/ruby/1.8/webrick/server.rb:92:in `each'
/usr/lib/ruby/1.8/webrick/server.rb:92:in `start'
/usr/lib/ruby/1.8/webrick/server.rb:23:in `start'
/usr/lib/ruby/1.8/webrick/server.rb:82:in `start'
/usr/lib/ruby/gems/1.8/gems/rack-1.1.0/lib/rack/handler/webrick.rb:14:in `run'
/usr/lib/ruby/gems/1.8/gems/rails-2.3.8/lib/commands/server.rb:111
/usr/local/lib/site_ruby/1.8/rubygems/custom_require.rb:29:in `gem_original_require'
/usr/local/lib/site_ruby/1.8/rubygems/custom_require.rb:29:in `require'
script/server:3

ActionView::TemplateError (compile error
/home/jpfinlay/Dropbox/rails/railschef/app/views/recipes/show.html.erb:3: syntax error, unexpected ')', expecting kEND
...y', id => @recipe.id}) ).to_s); @output_buffer.concat "</p>\...
                              ^) on line #3 of app/views/recipes/show.html.erb:
1: <h1><%= h @recipe.title %></h1>
2: <p><%= h @recipe.method %></p>
3: <p><%= link_to "Go Back", recipes_path %> | <%= link_to "Edit recipe", edit_recipe_path %> | <%= link_to "Delete recipe", {:action => 'destroy', id => @recipe.id}) %></p>

    app/views/recipes/show.html.erb:7:in `compile!'
    /usr/lib/ruby/1.8/webrick/httpserver.rb:104:in `service'
    /usr/lib/ruby/1.8/webrick/httpserver.rb:65:in `run'
    /usr/lib/ruby/1.8/webrick/server.rb:173:in `start_thread'
    /usr/lib/ruby/1.8/webrick/server.rb:162:in `start'
    /usr/lib/ruby/1.8/webrick/server.rb:162:in `start_thread'
    /usr/lib/ruby/1.8/webrick/server.rb:95:in `start'
    /usr/lib/ruby/1.8/webrick/server.rb:92:in `each'
    /usr/lib/ruby/1.8/webrick/server.rb:92:in `start'
    /usr/lib/ruby/1.8/webrick/server.rb:23:in `start'
    /usr/lib/ruby/1.8/webrick/server.rb:82:in `start'

Rendered rescues/_trace (29.1ms)
Rendered rescues/_request_and_response (0.2ms)
Rendering rescues/layout (internal_server_error)


Processing RecipesController#show (for 127.0.0.1 at 2011-01-31 13:47:59) [GET]
  Parameters: {"id"=>"5"}
  [4;35;1mRecipe Load (0.2ms)[0m   [0mSELECT * FROM "recipes" WHERE ("recipes"."id" = 5) [0m
Rendering recipes/show
Completed in 9ms (View: 4, DB: 0) | 200 OK [http://localhost/recipes/5]


Processing RecipesController#show (for 127.0.0.1 at 2011-01-31 13:48:02) [GET]
  Parameters: {"id"=>"5"}
  [4;36;1mRecipe Load (0.2ms)[0m   [0;1mSELECT * FROM "recipes" WHERE ("recipes"."id" = 5) [0m
Rendering recipes/show
Completed in 7ms (View: 2, DB: 0) | 200 OK [http://localhost/recipes/5]


Processing RecipesController#show (for 127.0.0.1 at 2011-01-31 13:53:10) [GET]
  Parameters: {"id"=>"5"}
  [4;35;1mRecipe Load (0.2ms)[0m   [0mSELECT * FROM "recipes" WHERE ("recipes"."id" = 5) [0m
Rendering recipes/show
ERROR: compiling _run_erb_app47views47recipes47show46html46erb RAISED compile error
/home/jpfinlay/Dropbox/rails/railschef/app/views/recipes/show.html.erb:3: syntax error, unexpected ':', expecting ')'
..._to "Delete recipe", @recipe :method => :delete ).to_s); @ou...
                              ^
Function body:           def _run_erb_app47views47recipes47show46html46erb(local_assigns)
            old_output_buffer = output_buffer;;@output_buffer = '';  __in_erb_template=true ; @output_buffer.concat "<h1>"; @output_buffer.concat(( h @recipe.title ).to_s); @output_buffer.concat "</h1>\n<p>"
; @output_buffer.concat(( h @recipe.method ).to_s); @output_buffer.concat "</p>\n<p>"
; @output_buffer.concat(( link_to "Go Back", recipes_path ).to_s); @output_buffer.concat " | "; @output_buffer.concat(( link_to "Edit recipe", edit_recipe_path ).to_s); @output_buffer.concat " | "; @output_buffer.concat(( link_to "Delete recipe", @recipe :method => :delete ).to_s); @output_buffer.concat "</p>\n"
; @output_buffer
          ensure
            self.output_buffer = old_output_buffer
          end
Backtrace: /home/jpfinlay/Dropbox/rails/railschef/app/views/recipes/show.html.erb:7:in `compile!'
/usr/lib/ruby/gems/1.8/gems/actionpack-2.3.8/lib/action_view/renderable.rb:61:in `compile'
/usr/lib/ruby/gems/1.8/gems/actionpack-2.3.8/lib/action_view/renderable.rb:28:in `render'
/usr/lib/ruby/gems/1.8/gems/actionpack-2.3.8/lib/action_view/template.rb:205:in `render_template'
/usr/lib/ruby/gems/1.8/gems/actionpack-2.3.8/lib/action_view/base.rb:265:in `render'
/usr/lib/ruby/gems/1.8/gems/actionpack-2.3.8/lib/action_controller/base.rb:1250:in `render_for_file'
/usr/lib/ruby/gems/1.8/gems/actionpack-2.3.8/lib/action_controller/base.rb:936:in `render_without_benchmark'
/usr/lib/ruby/gems/1.8/gems/actionpack-2.3.8/lib/action_controller/benchmarking.rb:51:in `render'
/usr/lib/ruby/gems/1.8/gems/activesupport-2.3.8/lib/active_support/core_ext/benchmark.rb:17:in `ms'
/usr/lib/ruby/1.8/benchmark.rb:308:in `realtime'
/usr/lib/ruby/gems/1.8/gems/activesupport-2.3.8/lib/active_support/core_ext/benchmark.rb:17:in `ms'
/usr/lib/ruby/gems/1.8/gems/actionpack-2.3.8/lib/action_controller/benchmarking.rb:51:in `render'
/usr/lib/ruby/gems/1.8/gems/actionpack-2.3.8/lib/action_controller/base.rb:1326:in `default_render'
/usr/lib/ruby/gems/1.8/gems/actionpack-2.3.8/lib/action_controller/base.rb:1332:in `perform_action_without_filters'
/usr/lib/ruby/gems/1.8/gems/actionpack-2.3.8/lib/action_controller/filters.rb:617:in `call_filters'
/usr/lib/ruby/gems/1.8/gems/actionpack-2.3.8/lib/action_controller/filters.rb:610:in `perform_action_without_benchmark'
/usr/lib/ruby/gems/1.8/gems/actionpack-2.3.8/lib/action_controller/benchmarking.rb:68:in `perform_action_without_rescue'
/usr/lib/ruby/gems/1.8/gems/activesupport-2.3.8/lib/active_support/core_ext/benchmark.rb:17:in `ms'
/usr/lib/ruby/1.8/benchmark.rb:308:in `realtime'
/usr/lib/ruby/gems/1.8/gems/activesupport-2.3.8/lib/active_support/core_ext/benchmark.rb:17:in `ms'
/usr/lib/ruby/gems/1.8/gems/actionpack-2.3.8/lib/action_controller/benchmarking.rb:68:in `perform_action_without_rescue'
/usr/lib/ruby/gems/1.8/gems/actionpack-2.3.8/lib/action_controller/rescue.rb:160:in `perform_action_without_flash'
/usr/lib/ruby/gems/1.8/gems/actionpack-2.3.8/lib/action_controller/flash.rb:151:in `perform_action'
/usr/lib/ruby/gems/1.8/gems/actionpack-2.3.8/lib/action_controller/base.rb:532:in `send'
/usr/lib/ruby/gems/1.8/gems/actionpack-2.3.8/lib/action_controller/base.rb:532:in `process_without_filters'
/usr/lib/ruby/gems/1.8/gems/actionpack-2.3.8/lib/action_controller/filters.rb:606:in `process'
/usr/lib/ruby/gems/1.8/gems/actionpack-2.3.8/lib/action_controller/base.rb:391:in `process'
/usr/lib/ruby/gems/1.8/gems/actionpack-2.3.8/lib/action_controller/base.rb:386:in `call'
/usr/lib/ruby/gems/1.8/gems/actionpack-2.3.8/lib/action_controller/routing/route_set.rb:438:in `call'
/usr/lib/ruby/gems/1.8/gems/actionpack-2.3.8/lib/action_controller/dispatcher.rb:87:in `dispatch'
/usr/lib/ruby/gems/1.8/gems/actionpack-2.3.8/lib/action_controller/dispatcher.rb:121:in `_call'
/usr/lib/ruby/gems/1.8/gems/actionpack-2.3.8/lib/action_controller/dispatcher.rb:130
/usr/lib/ruby/gems/1.8/gems/activerecord-2.3.8/lib/active_record/query_cache.rb:29:in `call'
/usr/lib/ruby/gems/1.8/gems/activerecord-2.3.8/lib/active_record/query_cache.rb:29:in `call'
/usr/lib/ruby/gems/1.8/gems/activerecord-2.3.8/lib/active_record/connection_adapters/abstract/query_cache.rb:34:in `cache'
/usr/lib/ruby/gems/1.8/gems/activerecord-2.3.8/lib/active_record/query_cache.rb:9:in `cache'
/usr/lib/ruby/gems/1.8/gems/activerecord-2.3.8/lib/active_record/query_cache.rb:28:in `call'
/usr/lib/ruby/gems/1.8/gems/activerecord-2.3.8/lib/active_record/connection_adapters/abstract/connection_pool.rb:361:in `call'
/usr/lib/ruby/gems/1.8/gems/actionpack-2.3.8/lib/action_controller/string_coercion.rb:25:in `call'
/usr/lib/ruby/gems/1.8/gems/rack-1.1.0/lib/rack/head.rb:9:in `call'
/usr/lib/ruby/gems/1.8/gems/rack-1.1.0/lib/rack/methodoverride.rb:24:in `call'
/usr/lib/ruby/gems/1.8/gems/actionpack-2.3.8/lib/action_controller/params_parser.rb:15:in `call'
/usr/lib/ruby/gems/1.8/gems/actionpack-2.3.8/lib/action_controller/session/cookie_store.rb:99:in `call'
/usr/lib/ruby/gems/1.8/gems/actionpack-2.3.8/lib/action_controller/failsafe.rb:26:in `call'
/usr/lib/ruby/gems/1.8/gems/rack-1.1.0/lib/rack/lock.rb:11:in `call'
/usr/lib/ruby/gems/1.8/gems/rack-1.1.0/lib/rack/lock.rb:11:in `synchronize'
/usr/lib/ruby/gems/1.8/gems/rack-1.1.0/lib/rack/lock.rb:11:in `call'
/usr/lib/ruby/gems/1.8/gems/actionpack-2.3.8/lib/action_controller/dispatcher.rb:114:in `call'
/usr/lib/ruby/gems/1.8/gems/actionpack-2.3.8/lib/action_controller/reloader.rb:34:in `run'
/usr/lib/ruby/gems/1.8/gems/actionpack-2.3.8/lib/action_controller/dispatcher.rb:108:in `call'
/usr/lib/ruby/gems/1.8/gems/rails-2.3.8/lib/rails/rack/static.rb:31:in `call'
/usr/lib/ruby/gems/1.8/gems/rack-1.1.0/lib/rack/urlmap.rb:47:in `call'
/usr/lib/ruby/gems/1.8/gems/rack-1.1.0/lib/rack/urlmap.rb:41:in `each'
/usr/lib/ruby/gems/1.8/gems/rack-1.1.0/lib/rack/urlmap.rb:41:in `call'
/usr/lib/ruby/gems/1.8/gems/rails-2.3.8/lib/rails/rack/log_tailer.rb:17:in `call'
/usr/lib/ruby/gems/1.8/gems/rack-1.1.0/lib/rack/content_length.rb:13:in `call'
/usr/lib/ruby/gems/1.8/gems/rack-1.1.0/lib/rack/handler/webrick.rb:48:in `service'
/usr/lib/ruby/1.8/webrick/httpserver.rb:104:in `service'
/usr/lib/ruby/1.8/webrick/httpserver.rb:65:in `run'
/usr/lib/ruby/1.8/webrick/server.rb:173:in `start_thread'
/usr/lib/ruby/1.8/webrick/server.rb:162:in `start'
/usr/lib/ruby/1.8/webrick/server.rb:162:in `start_thread'
/usr/lib/ruby/1.8/webrick/server.rb:95:in `start'
/usr/lib/ruby/1.8/webrick/server.rb:92:in `each'
/usr/lib/ruby/1.8/webrick/server.rb:92:in `start'
/usr/lib/ruby/1.8/webrick/server.rb:23:in `start'
/usr/lib/ruby/1.8/webrick/server.rb:82:in `start'
/usr/lib/ruby/gems/1.8/gems/rack-1.1.0/lib/rack/handler/webrick.rb:14:in `run'
/usr/lib/ruby/gems/1.8/gems/rails-2.3.8/lib/commands/server.rb:111
/usr/local/lib/site_ruby/1.8/rubygems/custom_require.rb:29:in `gem_original_require'
/usr/local/lib/site_ruby/1.8/rubygems/custom_require.rb:29:in `require'
script/server:3

ActionView::TemplateError (compile error
/home/jpfinlay/Dropbox/rails/railschef/app/views/recipes/show.html.erb:3: syntax error, unexpected ':', expecting ')'
..._to "Delete recipe", @recipe :method => :delete ).to_s); @ou...
                              ^) on line #3 of app/views/recipes/show.html.erb:
1: <h1><%= h @recipe.title %></h1>
2: <p><%= h @recipe.method %></p>
3: <p><%= link_to "Go Back", recipes_path %> | <%= link_to "Edit recipe", edit_recipe_path %> | <%= link_to "Delete recipe", @recipe :method => :delete %></p>

    app/views/recipes/show.html.erb:7:in `compile!'
    /usr/lib/ruby/1.8/webrick/httpserver.rb:104:in `service'
    /usr/lib/ruby/1.8/webrick/httpserver.rb:65:in `run'
    /usr/lib/ruby/1.8/webrick/server.rb:173:in `start_thread'
    /usr/lib/ruby/1.8/webrick/server.rb:162:in `start'
    /usr/lib/ruby/1.8/webrick/server.rb:162:in `start_thread'
    /usr/lib/ruby/1.8/webrick/server.rb:95:in `start'
    /usr/lib/ruby/1.8/webrick/server.rb:92:in `each'
    /usr/lib/ruby/1.8/webrick/server.rb:92:in `start'
    /usr/lib/ruby/1.8/webrick/server.rb:23:in `start'
    /usr/lib/ruby/1.8/webrick/server.rb:82:in `start'

Rendered rescues/_trace (65.5ms)
Rendered rescues/_request_and_response (0.3ms)
Rendering rescues/layout (internal_server_error)


Processing RecipesController#show (for 127.0.0.1 at 2011-01-31 13:53:20) [GET]
  Parameters: {"id"=>"5"}
  [4;36;1mRecipe Load (0.2ms)[0m   [0;1mSELECT * FROM "recipes" WHERE ("recipes"."id" = 5) [0m
Rendering recipes/show
Completed in 13ms (View: 7, DB: 0) | 200 OK [http://localhost/recipes/5]


Processing RecipesController#destroy (for 127.0.0.1 at 2011-01-31 13:53:23) [DELETE]
  Parameters: {"authenticity_token"=>"ACKZQemfqubyqesmTgrXK7Z84mym5sLVKoI1CqZeIbE=", "id"=>"5"}
  [4;35;1mRecipe Load (0.2ms)[0m   [0mSELECT * FROM "recipes" WHERE ("recipes"."id" = 5) [0m
  [4;36;1mRecipe Destroy (0.1ms)[0m   [0;1mDELETE FROM "recipes" WHERE "id" = 5[0m
Redirected to http://localhost:3000/
Completed in 79ms (DB: 0) | 302 Found [http://localhost/recipes/5]


Processing RecipesController#index (for 127.0.0.1 at 2011-01-31 13:53:23) [GET]
  [4;35;1mRecipe Load (0.6ms)[0m   [0mSELECT * FROM "recipes" [0m
Rendering recipes/index
Completed in 8ms (View: 4, DB: 1) | 200 OK [http://localhost/]


Processing RecipesController#new (for 127.0.0.1 at 2011-01-31 13:53:25) [GET]
Rendering recipes/new
Completed in 14ms (View: 10, DB: 0) | 200 OK [http://localhost/recipes/new]


Processing RecipesController#create (for 127.0.0.1 at 2011-01-31 13:53:35) [POST]
  Parameters: {"commit"=>"Create Recipe", "authenticity_token"=>"ACKZQemfqubyqesmTgrXK7Z84mym5sLVKoI1CqZeIbE=", "recipe"=>{"title"=>"Delete me!", "method"=>"This recipe sucks!"}}
  [4;36;1mRecipe Create (0.2ms)[0m   [0;1mINSERT INTO "recipes" ("created_at", "title", "method", "updated_at") VALUES('2011-01-31 13:53:35', 'Delete me!', 'This recipe sucks!', '2011-01-31 13:53:35')[0m
Redirected to http://localhost:3000/
Completed in 84ms (DB: 0) | 302 Found [http://localhost/recipes]


Processing RecipesController#index (for 127.0.0.1 at 2011-01-31 13:53:35) [GET]
  [4;35;1mRecipe Load (0.6ms)[0m   [0mSELECT * FROM "recipes" [0m
Rendering recipes/index
Completed in 9ms (View: 4, DB: 1) | 200 OK [http://localhost/]


Processing RecipesController#show (for 127.0.0.1 at 2011-01-31 13:53:49) [GET]
  Parameters: {"id"=>"11"}
  [4;36;1mRecipe Load (0.3ms)[0m   [0;1mSELECT * FROM "recipes" WHERE ("recipes"."id" = 11) [0m
Rendering recipes/show
Completed in 10ms (View: 3, DB: 0) | 200 OK [http://localhost/recipes/11]
